2016/09/19 16:14:40 INFO  - jmeter.util.JMeterUtils: Setting Locale to en_US 
2016/09/19 16:14:40 INFO  - jmeter.JMeter: Loading user properties from: /home/chhagan/apache-jmeter-3.0/bin/user.properties 
2016/09/19 16:14:40 INFO  - jmeter.JMeter: Loading system properties from: /home/chhagan/apache-jmeter-3.0/bin/system.properties 
2016/09/19 16:14:40 INFO  - jmeter.JMeter: Copyright (c) 1998-2016 The Apache Software Foundation 
2016/09/19 16:14:40 INFO  - jmeter.JMeter: Version 3.0 r1743807 
2016/09/19 16:14:40 INFO  - jmeter.JMeter: java.version=1.8.0_101 
2016/09/19 16:14:40 INFO  - jmeter.JMeter: java.vm.name=Java HotSpot(TM) 64-Bit Server VM 
2016/09/19 16:14:40 INFO  - jmeter.JMeter: os.name=Linux 
2016/09/19 16:14:40 INFO  - jmeter.JMeter: os.arch=amd64 
2016/09/19 16:14:40 INFO  - jmeter.JMeter: os.version=4.4.0-36-generic 
2016/09/19 16:14:40 INFO  - jmeter.JMeter: file.encoding=UTF-8 
2016/09/19 16:14:40 INFO  - jmeter.JMeter: Max memory     =514850816 
2016/09/19 16:14:40 INFO  - jmeter.JMeter: Available Processors =4 
2016/09/19 16:14:40 INFO  - jmeter.JMeter: Default Locale=English (United States) 
2016/09/19 16:14:40 INFO  - jmeter.JMeter: JMeter  Locale=English (United States) 
2016/09/19 16:14:40 INFO  - jmeter.JMeter: JMeterHome=/home/chhagan/apache-jmeter-3.0 
2016/09/19 16:14:40 INFO  - jmeter.JMeter: user.dir  =/home/chhagan/apache-jmeter-3.0/bin 
2016/09/19 16:14:40 INFO  - jmeter.JMeter: PWD       =/home/chhagan/apache-jmeter-3.0/bin 
2016/09/19 16:14:40 INFO  - jmeter.JMeter: IP: 127.0.1.1 Name: chhagan-273 FullName: chhagan-273 
2016/09/19 16:14:41 INFO  - jmeter.gui.action.LookAndFeelCommand: Using look and feel: javax.swing.plaf.metal.MetalLookAndFeel [Metal, CrossPlatform] 
2016/09/19 16:14:41 INFO  - jmeter.JMeter: Loaded icon properties from org/apache/jmeter/images/icon.properties 
2016/09/19 16:14:42 INFO  - jmeter.engine.util.CompoundVariable: Note: Function class names must contain the string: '.functions.' 
2016/09/19 16:14:42 INFO  - jmeter.engine.util.CompoundVariable: Note: Function class names must not contain the string: '.gui.' 
2016/09/19 16:14:44 INFO  - jmeter.util.BSFTestElement: Registering JMeter version of JavaScript engine as work-round for BSF-22 
2016/09/19 16:14:46 INFO  - jmeter.protocol.http.sampler.HTTPSamplerBase: Parser for text/html is org.apache.jmeter.protocol.http.parser.LagartoBasedHtmlParser 
2016/09/19 16:14:46 INFO  - jmeter.protocol.http.sampler.HTTPSamplerBase: Parser for application/xhtml+xml is org.apache.jmeter.protocol.http.parser.LagartoBasedHtmlParser 
2016/09/19 16:14:46 INFO  - jmeter.protocol.http.sampler.HTTPSamplerBase: Parser for application/xml is org.apache.jmeter.protocol.http.parser.LagartoBasedHtmlParser 
2016/09/19 16:14:46 INFO  - jmeter.protocol.http.sampler.HTTPSamplerBase: Parser for text/xml is org.apache.jmeter.protocol.http.parser.LagartoBasedHtmlParser 
2016/09/19 16:14:46 INFO  - jmeter.protocol.http.sampler.HTTPSamplerBase: Parser for text/vnd.wap.wml is org.apache.jmeter.protocol.http.parser.RegexpHTMLParser 
2016/09/19 16:14:46 INFO  - jmeter.protocol.http.sampler.HTTPSamplerBase: Parser for text/css is org.apache.jmeter.protocol.http.parser.CssParser 
2016/09/19 16:14:46 INFO  - jorphan.exec.KeyToolUtils: keytool found at 'keytool' 
2016/09/19 16:14:46 INFO  - jmeter.protocol.http.proxy.ProxyControl: HTTP(S) Test Script Recorder SSL Proxy will use keys that support embedded 3rd party resources in file /home/chhagan/apache-jmeter-3.0/bin/proxyserver.jks 
2016/09/19 16:14:46 INFO  - jmeter.gui.util.MenuFactory: Skipping org.apache.jmeter.protocol.mongodb.config.MongoSourceElement 
2016/09/19 16:14:46 INFO  - jmeter.gui.util.MenuFactory: Skipping org.apache.jmeter.protocol.mongodb.sampler.MongoScriptSampler 
2016/09/19 16:14:47 INFO  - jmeter.gui.util.MenuFactory: Skipping org.apache.jmeter.visualizers.DistributionGraphVisualizer 
2016/09/19 16:14:47 INFO  - jmeter.samplers.SampleResult: Note: Sample TimeStamps are START times 
2016/09/19 16:14:47 INFO  - jmeter.samplers.SampleResult: sampleresult.default.encoding is set to ISO-8859-1 
2016/09/19 16:14:47 INFO  - jmeter.samplers.SampleResult: sampleresult.useNanoTime=true 
2016/09/19 16:14:47 INFO  - jmeter.samplers.SampleResult: sampleresult.nanoThreadSleep=5000 
2016/09/19 16:14:47 INFO  - jmeter.gui.util.MenuFactory: Skipping org.apache.jmeter.visualizers.SplineVisualizer 
2016/09/19 16:41:58 INFO  - jmeter.gui.action.template.TemplateManager: Reading templates from:/home/chhagan/apache-jmeter-3.0/bin/templates/templates.xml 
2016/09/19 16:42:27 INFO  - jmeter.gui.action.Load: Loading file: /home/chhagan/apache-jmeter-3.0/bin/templates/build-adv-web-test-plan.jmx 
2016/09/19 16:42:27 INFO  - jmeter.save.SaveService: Testplan (JMX) version: 2.2. Testlog (JTL) version: 2.2 
2016/09/19 16:42:27 INFO  - jmeter.save.SaveService: Using SaveService properties file encoding UTF-8 
2016/09/19 16:42:27 INFO  - jmeter.save.SaveService: Using SaveService properties version 2.9 
2016/09/19 16:42:27 INFO  - jmeter.save.SaveService: All converter versions present and correct 
2016/09/19 16:42:27 INFO  - jmeter.save.SaveService: Loading file: /home/chhagan/apache-jmeter-3.0/bin/templates/build-adv-web-test-plan.jmx 
2016/09/19 16:42:27 INFO  - jmeter.protocol.http.control.CookieManager: Settings: Delete null: true Check: true Allow variable: true Save: false Prefix: COOKIE_ 
2016/09/19 17:15:07 INFO  - jmeter.services.FileServer: Default base='/home/chhagan/apache-jmeter-3.0/bin' 
2016/09/19 17:15:07 INFO  - jmeter.services.FileServer: Set new base='/home/chhagan/craftsvilla/jmeter-tests' 
2016/09/19 17:15:07 INFO  - jmeter.engine.StandardJMeterEngine: Running the test! 
2016/09/19 17:15:07 INFO  - jmeter.samplers.SampleEvent: List of sample_variables: [] 
2016/09/19 17:15:07 INFO  - jmeter.samplers.SampleEvent: List of sample_variables: [] 
2016/09/19 17:15:07 INFO  - jmeter.gui.util.JMeterMenuBar: setRunning(true,*local*) 
2016/09/19 17:15:07 INFO  - jmeter.engine.StandardJMeterEngine: Starting ThreadGroup: 1 : JMeter Users 
2016/09/19 17:15:07 INFO  - jmeter.engine.StandardJMeterEngine: Starting 1 threads for group JMeter Users. 
2016/09/19 17:15:07 INFO  - jmeter.engine.StandardJMeterEngine: Thread will continue on error 
2016/09/19 17:15:07 INFO  - jmeter.threads.ThreadGroup: Starting thread group number 1 threads 1 ramp-up 5 perThread 5000.0 delayedStart=false 
2016/09/19 17:15:07 INFO  - jmeter.threads.ThreadGroup: Started thread group number 1 
2016/09/19 17:15:07 INFO  - jmeter.engine.StandardJMeterEngine: All thread groups have been started 
2016/09/19 17:15:07 INFO  - jmeter.threads.JMeterThread: Thread started: JMeter Users 1-1 
2016/09/19 17:15:07 INFO  - jmeter.services.FileServer: Stored: "/home/chhagan/craftsvilla/jmeter-tests/"/login.csv 
2016/09/19 17:15:07 ERROR - jmeter.threads.JMeterThread: Test failed! java.lang.IllegalArgumentException: File login.csv must exist and be readable
	at org.apache.jmeter.services.FileServer.createBufferedReader(FileServer.java:422)
	at org.apache.jmeter.services.FileServer.readLine(FileServer.java:347)
	at org.apache.jmeter.config.CSVDataSet.iterationStart(CSVDataSet.java:198)
	at org.apache.jmeter.control.GenericController.fireIterationStart(GenericController.java:405)
	at org.apache.jmeter.control.GenericController.fireIterEvents(GenericController.java:397)
	at org.apache.jmeter.control.GenericController.next(GenericController.java:158)
	at org.apache.jmeter.control.LoopController.next(LoopController.java:123)
	at org.apache.jmeter.threads.AbstractThreadGroup.next(AbstractThreadGroup.java:87)
	at org.apache.jmeter.threads.JMeterThread.run(JMeterThread.java:239)
	at java.lang.Thread.run(Thread.java:745)

2016/09/19 17:15:07 INFO  - jmeter.threads.JMeterThread: Thread finished: JMeter Users 1-1 
2016/09/19 17:15:07 INFO  - jmeter.engine.StandardJMeterEngine: Notifying test listeners of end of test 
2016/09/19 17:15:07 INFO  - jmeter.gui.util.JMeterMenuBar: setRunning(false,*local*) 
2016/09/19 17:15:10 INFO  - jmeter.engine.StandardJMeterEngine: Running the test! 
2016/09/19 17:15:10 INFO  - jmeter.samplers.SampleEvent: List of sample_variables: [] 
2016/09/19 17:15:10 INFO  - jmeter.gui.util.JMeterMenuBar: setRunning(true,*local*) 
2016/09/19 17:15:10 INFO  - jmeter.engine.StandardJMeterEngine: Starting ThreadGroup: 1 : JMeter Users 
2016/09/19 17:15:10 INFO  - jmeter.engine.StandardJMeterEngine: Starting 1 threads for group JMeter Users. 
2016/09/19 17:15:10 INFO  - jmeter.engine.StandardJMeterEngine: Thread will continue on error 
2016/09/19 17:15:10 INFO  - jmeter.threads.ThreadGroup: Starting thread group number 1 threads 1 ramp-up 5 perThread 5000.0 delayedStart=false 
2016/09/19 17:15:10 INFO  - jmeter.threads.ThreadGroup: Started thread group number 1 
2016/09/19 17:15:10 INFO  - jmeter.engine.StandardJMeterEngine: All thread groups have been started 
2016/09/19 17:15:10 INFO  - jmeter.threads.JMeterThread: Thread started: JMeter Users 1-1 
2016/09/19 17:15:10 INFO  - jmeter.services.FileServer: Stored: "/home/chhagan/craftsvilla/jmeter-tests/"/login.csv 
2016/09/19 17:15:10 ERROR - jmeter.threads.JMeterThread: Test failed! java.lang.IllegalArgumentException: File login.csv must exist and be readable
	at org.apache.jmeter.services.FileServer.createBufferedReader(FileServer.java:422)
	at org.apache.jmeter.services.FileServer.readLine(FileServer.java:347)
	at org.apache.jmeter.config.CSVDataSet.iterationStart(CSVDataSet.java:198)
	at org.apache.jmeter.control.GenericController.fireIterationStart(GenericController.java:405)
	at org.apache.jmeter.control.GenericController.fireIterEvents(GenericController.java:397)
	at org.apache.jmeter.control.GenericController.next(GenericController.java:158)
	at org.apache.jmeter.control.LoopController.next(LoopController.java:123)
	at org.apache.jmeter.threads.AbstractThreadGroup.next(AbstractThreadGroup.java:87)
	at org.apache.jmeter.threads.JMeterThread.run(JMeterThread.java:239)
	at java.lang.Thread.run(Thread.java:745)

2016/09/19 17:15:10 INFO  - jmeter.threads.JMeterThread: Thread finished: JMeter Users 1-1 
2016/09/19 17:15:10 INFO  - jmeter.engine.StandardJMeterEngine: Notifying test listeners of end of test 
2016/09/19 17:15:10 INFO  - jmeter.gui.util.JMeterMenuBar: setRunning(false,*local*) 
2016/09/19 17:15:16 INFO  - jmeter.engine.StandardJMeterEngine: Running the test! 
2016/09/19 17:15:16 INFO  - jmeter.samplers.SampleEvent: List of sample_variables: [] 
2016/09/19 17:15:16 INFO  - jmeter.gui.util.JMeterMenuBar: setRunning(true,*local*) 
2016/09/19 17:15:16 INFO  - jmeter.engine.StandardJMeterEngine: Starting ThreadGroup: 1 : JMeter Users 
2016/09/19 17:15:16 INFO  - jmeter.engine.StandardJMeterEngine: Starting 1 threads for group JMeter Users. 
2016/09/19 17:15:16 INFO  - jmeter.engine.StandardJMeterEngine: Thread will continue on error 
2016/09/19 17:15:16 INFO  - jmeter.threads.ThreadGroup: Starting thread group number 1 threads 1 ramp-up 5 perThread 5000.0 delayedStart=false 
2016/09/19 17:15:16 INFO  - jmeter.threads.ThreadGroup: Started thread group number 1 
2016/09/19 17:15:16 INFO  - jmeter.engine.StandardJMeterEngine: All thread groups have been started 
2016/09/19 17:15:16 INFO  - jmeter.threads.JMeterThread: Thread started: JMeter Users 1-1 
2016/09/19 17:15:16 INFO  - jmeter.services.FileServer: Stored: "/home/chhagan/craftsvilla/jmeter-tests/"/login.csv 
2016/09/19 17:15:16 ERROR - jmeter.threads.JMeterThread: Test failed! java.lang.IllegalArgumentException: File login.csv must exist and be readable
	at org.apache.jmeter.services.FileServer.createBufferedReader(FileServer.java:422)
	at org.apache.jmeter.services.FileServer.readLine(FileServer.java:347)
	at org.apache.jmeter.config.CSVDataSet.iterationStart(CSVDataSet.java:198)
	at org.apache.jmeter.control.GenericController.fireIterationStart(GenericController.java:405)
	at org.apache.jmeter.control.GenericController.fireIterEvents(GenericController.java:397)
	at org.apache.jmeter.control.GenericController.next(GenericController.java:158)
	at org.apache.jmeter.control.LoopController.next(LoopController.java:123)
	at org.apache.jmeter.threads.AbstractThreadGroup.next(AbstractThreadGroup.java:87)
	at org.apache.jmeter.threads.JMeterThread.run(JMeterThread.java:239)
	at java.lang.Thread.run(Thread.java:745)

2016/09/19 17:15:16 INFO  - jmeter.threads.JMeterThread: Thread finished: JMeter Users 1-1 
2016/09/19 17:15:16 INFO  - jmeter.engine.StandardJMeterEngine: Notifying test listeners of end of test 
2016/09/19 17:15:16 INFO  - jmeter.gui.util.JMeterMenuBar: setRunning(false,*local*) 
2016/09/19 17:15:18 INFO  - jmeter.engine.StandardJMeterEngine: Running the test! 
2016/09/19 17:15:18 INFO  - jmeter.samplers.SampleEvent: List of sample_variables: [] 
2016/09/19 17:15:18 INFO  - jmeter.gui.util.JMeterMenuBar: setRunning(true,*local*) 
2016/09/19 17:15:18 INFO  - jmeter.engine.StandardJMeterEngine: Starting ThreadGroup: 1 : JMeter Users 
2016/09/19 17:15:18 INFO  - jmeter.engine.StandardJMeterEngine: Starting 1 threads for group JMeter Users. 
2016/09/19 17:15:18 INFO  - jmeter.engine.StandardJMeterEngine: Thread will continue on error 
2016/09/19 17:15:18 INFO  - jmeter.threads.ThreadGroup: Starting thread group number 1 threads 1 ramp-up 5 perThread 5000.0 delayedStart=false 
2016/09/19 17:15:18 INFO  - jmeter.threads.ThreadGroup: Started thread group number 1 
2016/09/19 17:15:18 INFO  - jmeter.engine.StandardJMeterEngine: All thread groups have been started 
2016/09/19 17:15:18 INFO  - jmeter.threads.JMeterThread: Thread started: JMeter Users 1-1 
2016/09/19 17:15:18 INFO  - jmeter.services.FileServer: Stored: "/home/chhagan/craftsvilla/jmeter-tests/"/login.csv 
2016/09/19 17:15:18 ERROR - jmeter.threads.JMeterThread: Test failed! java.lang.IllegalArgumentException: File login.csv must exist and be readable
	at org.apache.jmeter.services.FileServer.createBufferedReader(FileServer.java:422)
	at org.apache.jmeter.services.FileServer.readLine(FileServer.java:347)
	at org.apache.jmeter.config.CSVDataSet.iterationStart(CSVDataSet.java:198)
	at org.apache.jmeter.control.GenericController.fireIterationStart(GenericController.java:405)
	at org.apache.jmeter.control.GenericController.fireIterEvents(GenericController.java:397)
	at org.apache.jmeter.control.GenericController.next(GenericController.java:158)
	at org.apache.jmeter.control.LoopController.next(LoopController.java:123)
	at org.apache.jmeter.threads.AbstractThreadGroup.next(AbstractThreadGroup.java:87)
	at org.apache.jmeter.threads.JMeterThread.run(JMeterThread.java:239)
	at java.lang.Thread.run(Thread.java:745)

2016/09/19 17:15:18 INFO  - jmeter.threads.JMeterThread: Thread finished: JMeter Users 1-1 
2016/09/19 17:15:18 INFO  - jmeter.engine.StandardJMeterEngine: Notifying test listeners of end of test 
2016/09/19 17:15:18 INFO  - jmeter.gui.util.JMeterMenuBar: setRunning(false,*local*) 
2016/09/19 17:15:19 INFO  - jmeter.engine.StandardJMeterEngine: Running the test! 
2016/09/19 17:15:19 INFO  - jmeter.samplers.SampleEvent: List of sample_variables: [] 
2016/09/19 17:15:19 INFO  - jmeter.gui.util.JMeterMenuBar: setRunning(true,*local*) 
2016/09/19 17:15:19 INFO  - jmeter.engine.StandardJMeterEngine: Starting ThreadGroup: 1 : JMeter Users 
2016/09/19 17:15:19 INFO  - jmeter.engine.StandardJMeterEngine: Starting 1 threads for group JMeter Users. 
2016/09/19 17:15:19 INFO  - jmeter.engine.StandardJMeterEngine: Thread will continue on error 
2016/09/19 17:15:19 INFO  - jmeter.threads.ThreadGroup: Starting thread group number 1 threads 1 ramp-up 5 perThread 5000.0 delayedStart=false 
2016/09/19 17:15:19 INFO  - jmeter.threads.ThreadGroup: Started thread group number 1 
2016/09/19 17:15:19 INFO  - jmeter.engine.StandardJMeterEngine: All thread groups have been started 
2016/09/19 17:15:19 INFO  - jmeter.threads.JMeterThread: Thread started: JMeter Users 1-1 
2016/09/19 17:15:19 INFO  - jmeter.services.FileServer: Stored: "/home/chhagan/craftsvilla/jmeter-tests/"/login.csv 
2016/09/19 17:15:19 ERROR - jmeter.threads.JMeterThread: Test failed! java.lang.IllegalArgumentException: File login.csv must exist and be readable
	at org.apache.jmeter.services.FileServer.createBufferedReader(FileServer.java:422)
	at org.apache.jmeter.services.FileServer.readLine(FileServer.java:347)
	at org.apache.jmeter.config.CSVDataSet.iterationStart(CSVDataSet.java:198)
	at org.apache.jmeter.control.GenericController.fireIterationStart(GenericController.java:405)
	at org.apache.jmeter.control.GenericController.fireIterEvents(GenericController.java:397)
	at org.apache.jmeter.control.GenericController.next(GenericController.java:158)
	at org.apache.jmeter.control.LoopController.next(LoopController.java:123)
	at org.apache.jmeter.threads.AbstractThreadGroup.next(AbstractThreadGroup.java:87)
	at org.apache.jmeter.threads.JMeterThread.run(JMeterThread.java:239)
	at java.lang.Thread.run(Thread.java:745)

2016/09/19 17:15:19 INFO  - jmeter.threads.JMeterThread: Thread finished: JMeter Users 1-1 
2016/09/19 17:15:19 INFO  - jmeter.engine.StandardJMeterEngine: Notifying test listeners of end of test 
2016/09/19 17:15:19 INFO  - jmeter.gui.util.JMeterMenuBar: setRunning(false,*local*) 
2016/09/19 17:16:43 INFO  - jmeter.engine.StandardJMeterEngine: Running the test! 
2016/09/19 17:16:43 INFO  - jmeter.samplers.SampleEvent: List of sample_variables: [] 
2016/09/19 17:16:43 INFO  - jmeter.gui.util.JMeterMenuBar: setRunning(true,*local*) 
2016/09/19 17:16:43 INFO  - jmeter.engine.StandardJMeterEngine: Starting ThreadGroup: 1 : JMeter Users 
2016/09/19 17:16:43 INFO  - jmeter.engine.StandardJMeterEngine: Starting 1 threads for group JMeter Users. 
2016/09/19 17:16:43 INFO  - jmeter.engine.StandardJMeterEngine: Thread will continue on error 
2016/09/19 17:16:43 INFO  - jmeter.threads.ThreadGroup: Starting thread group number 1 threads 1 ramp-up 5 perThread 5000.0 delayedStart=false 
2016/09/19 17:16:43 INFO  - jmeter.threads.ThreadGroup: Started thread group number 1 
2016/09/19 17:16:43 INFO  - jmeter.engine.StandardJMeterEngine: All thread groups have been started 
2016/09/19 17:16:43 INFO  - jmeter.threads.JMeterThread: Thread started: JMeter Users 1-1 
2016/09/19 17:16:43 INFO  - jmeter.services.FileServer: Stored: "/home/chhagan/craftsvilla/jmeter-tests/"/login.csv 
2016/09/19 17:16:43 ERROR - jmeter.threads.JMeterThread: Test failed! java.lang.IllegalArgumentException: File login.csv must exist and be readable
	at org.apache.jmeter.services.FileServer.createBufferedReader(FileServer.java:422)
	at org.apache.jmeter.services.FileServer.readLine(FileServer.java:347)
	at org.apache.jmeter.config.CSVDataSet.iterationStart(CSVDataSet.java:198)
	at org.apache.jmeter.control.GenericController.fireIterationStart(GenericController.java:405)
	at org.apache.jmeter.control.GenericController.fireIterEvents(GenericController.java:397)
	at org.apache.jmeter.control.GenericController.next(GenericController.java:158)
	at org.apache.jmeter.control.LoopController.next(LoopController.java:123)
	at org.apache.jmeter.threads.AbstractThreadGroup.next(AbstractThreadGroup.java:87)
	at org.apache.jmeter.threads.JMeterThread.run(JMeterThread.java:239)
	at java.lang.Thread.run(Thread.java:745)

2016/09/19 17:16:43 INFO  - jmeter.threads.JMeterThread: Thread finished: JMeter Users 1-1 
2016/09/19 17:16:43 INFO  - jmeter.engine.StandardJMeterEngine: Notifying test listeners of end of test 
2016/09/19 17:16:43 INFO  - jmeter.gui.util.JMeterMenuBar: setRunning(false,*local*) 
2016/09/19 17:17:05 INFO  - jmeter.engine.StandardJMeterEngine: Running the test! 
2016/09/19 17:17:05 INFO  - jmeter.samplers.SampleEvent: List of sample_variables: [] 
2016/09/19 17:17:05 INFO  - jmeter.gui.util.JMeterMenuBar: setRunning(true,*local*) 
2016/09/19 17:17:05 INFO  - jmeter.engine.StandardJMeterEngine: Starting ThreadGroup: 1 : JMeter Users 
2016/09/19 17:17:05 INFO  - jmeter.engine.StandardJMeterEngine: Starting 1 threads for group JMeter Users. 
2016/09/19 17:17:05 INFO  - jmeter.engine.StandardJMeterEngine: Thread will continue on error 
2016/09/19 17:17:05 INFO  - jmeter.threads.ThreadGroup: Starting thread group number 1 threads 1 ramp-up 5 perThread 5000.0 delayedStart=false 
2016/09/19 17:17:05 INFO  - jmeter.threads.ThreadGroup: Started thread group number 1 
2016/09/19 17:17:05 INFO  - jmeter.engine.StandardJMeterEngine: All thread groups have been started 
2016/09/19 17:17:05 INFO  - jmeter.threads.JMeterThread: Thread started: JMeter Users 1-1 
2016/09/19 17:17:05 INFO  - jmeter.services.FileServer: Stored: "/home/chhagan/craftsvilla/jmeter-tests/"/login.csv 
2016/09/19 17:17:05 ERROR - jmeter.threads.JMeterThread: Test failed! java.lang.IllegalArgumentException: File login.csv must exist and be readable
	at org.apache.jmeter.services.FileServer.createBufferedReader(FileServer.java:422)
	at org.apache.jmeter.services.FileServer.readLine(FileServer.java:347)
	at org.apache.jmeter.config.CSVDataSet.iterationStart(CSVDataSet.java:198)
	at org.apache.jmeter.control.GenericController.fireIterationStart(GenericController.java:405)
	at org.apache.jmeter.control.GenericController.fireIterEvents(GenericController.java:397)
	at org.apache.jmeter.control.GenericController.next(GenericController.java:158)
	at org.apache.jmeter.control.LoopController.next(LoopController.java:123)
	at org.apache.jmeter.threads.AbstractThreadGroup.next(AbstractThreadGroup.java:87)
	at org.apache.jmeter.threads.JMeterThread.run(JMeterThread.java:239)
	at java.lang.Thread.run(Thread.java:745)

2016/09/19 17:17:05 INFO  - jmeter.threads.JMeterThread: Thread finished: JMeter Users 1-1 
2016/09/19 17:17:05 INFO  - jmeter.engine.StandardJMeterEngine: Notifying test listeners of end of test 
2016/09/19 17:17:05 INFO  - jmeter.gui.util.JMeterMenuBar: setRunning(false,*local*) 
2016/09/19 17:17:44 INFO  - jmeter.engine.StandardJMeterEngine: Running the test! 
2016/09/19 17:17:44 INFO  - jmeter.samplers.SampleEvent: List of sample_variables: [] 
2016/09/19 17:17:44 INFO  - jmeter.gui.util.JMeterMenuBar: setRunning(true,*local*) 
2016/09/19 17:17:44 INFO  - jmeter.engine.StandardJMeterEngine: Starting ThreadGroup: 1 : JMeter Users 
2016/09/19 17:17:44 INFO  - jmeter.engine.StandardJMeterEngine: Starting 1 threads for group JMeter Users. 
2016/09/19 17:17:44 INFO  - jmeter.engine.StandardJMeterEngine: Thread will continue on error 
2016/09/19 17:17:44 INFO  - jmeter.threads.ThreadGroup: Starting thread group number 1 threads 1 ramp-up 5 perThread 5000.0 delayedStart=false 
2016/09/19 17:17:44 INFO  - jmeter.threads.ThreadGroup: Started thread group number 1 
2016/09/19 17:17:44 INFO  - jmeter.engine.StandardJMeterEngine: All thread groups have been started 
2016/09/19 17:17:44 INFO  - jmeter.threads.JMeterThread: Thread started: JMeter Users 1-1 
2016/09/19 17:17:44 INFO  - jmeter.services.FileServer: Stored: /home/chhagan/craftsvilla/jmeter-tests/login.csv 
2016/09/19 17:17:44 INFO  - jmeter.protocol.http.sampler.HTTPHCAbstractImpl: Local host = chhagan-273 
2016/09/19 17:17:44 INFO  - jmeter.protocol.http.sampler.HTTPHC4Impl: HTTP request retry count = 0 
2016/09/19 17:17:46 INFO  - jmeter.threads.JMeterThread: Thread is done: JMeter Users 1-1 
2016/09/19 17:17:46 INFO  - jmeter.threads.JMeterThread: Thread finished: JMeter Users 1-1 
2016/09/19 17:17:46 INFO  - jmeter.engine.StandardJMeterEngine: Notifying test listeners of end of test 
2016/09/19 17:17:46 INFO  - jmeter.services.FileServer: Close: /home/chhagan/craftsvilla/jmeter-tests/login.csv 
2016/09/19 17:17:46 INFO  - jmeter.gui.util.JMeterMenuBar: setRunning(false,*local*) 
2016/09/19 18:16:53 INFO  - jmeter.services.FileServer: Set new base='/home/chhagan/craftsvilla/jmeter-tests' 
2016/09/19 18:16:58 INFO  - jmeter.engine.StandardJMeterEngine: Running the test! 
2016/09/19 18:16:58 INFO  - jmeter.samplers.SampleEvent: List of sample_variables: [] 
2016/09/19 18:16:58 INFO  - jmeter.gui.util.JMeterMenuBar: setRunning(true,*local*) 
2016/09/19 18:16:58 INFO  - jmeter.engine.StandardJMeterEngine: Starting ThreadGroup: 1 : Thread Group 
2016/09/19 18:16:58 INFO  - jmeter.engine.StandardJMeterEngine: Starting 1 threads for group Thread Group. 
2016/09/19 18:16:58 INFO  - jmeter.engine.StandardJMeterEngine: Thread will continue on error 
2016/09/19 18:16:58 INFO  - jmeter.threads.ThreadGroup: Starting thread group number 1 threads 1 ramp-up 1 perThread 1000.0 delayedStart=false 
2016/09/19 18:16:58 INFO  - jmeter.threads.ThreadGroup: Started thread group number 1 
2016/09/19 18:16:58 INFO  - jmeter.engine.StandardJMeterEngine: All thread groups have been started 
2016/09/19 18:16:58 INFO  - jmeter.threads.JMeterThread: Thread started: Thread Group 1-1 
2016/09/19 18:16:59 INFO  - jmeter.threads.JMeterThread: Thread is done: Thread Group 1-1 
2016/09/19 18:16:59 INFO  - jmeter.threads.JMeterThread: Thread finished: Thread Group 1-1 
2016/09/19 18:16:59 INFO  - jmeter.engine.StandardJMeterEngine: Notifying test listeners of end of test 
2016/09/19 18:16:59 INFO  - jmeter.gui.util.JMeterMenuBar: setRunning(false,*local*) 
2016/09/19 18:17:58 INFO  - jmeter.engine.StandardJMeterEngine: Running the test! 
2016/09/19 18:17:58 INFO  - jmeter.samplers.SampleEvent: List of sample_variables: [] 
2016/09/19 18:17:58 INFO  - jmeter.gui.util.JMeterMenuBar: setRunning(true,*local*) 
2016/09/19 18:17:58 INFO  - jmeter.engine.StandardJMeterEngine: Starting ThreadGroup: 1 : Thread Group 
2016/09/19 18:17:58 INFO  - jmeter.engine.StandardJMeterEngine: Starting 1 threads for group Thread Group. 
2016/09/19 18:17:58 INFO  - jmeter.engine.StandardJMeterEngine: Thread will continue on error 
2016/09/19 18:17:58 INFO  - jmeter.threads.ThreadGroup: Starting thread group number 1 threads 1 ramp-up 1 perThread 1000.0 delayedStart=false 
2016/09/19 18:17:58 INFO  - jmeter.threads.ThreadGroup: Started thread group number 1 
2016/09/19 18:17:58 INFO  - jmeter.engine.StandardJMeterEngine: All thread groups have been started 
2016/09/19 18:17:58 INFO  - jmeter.threads.JMeterThread: Thread started: Thread Group 1-1 
2016/09/19 18:17:59 INFO  - jmeter.threads.JMeterThread: Thread is done: Thread Group 1-1 
2016/09/19 18:17:59 INFO  - jmeter.threads.JMeterThread: Thread finished: Thread Group 1-1 
2016/09/19 18:17:59 INFO  - jmeter.engine.StandardJMeterEngine: Notifying test listeners of end of test 
2016/09/19 18:17:59 INFO  - jmeter.gui.util.JMeterMenuBar: setRunning(false,*local*) 
2016/09/19 18:21:41 INFO  - jmeter.engine.StandardJMeterEngine: Running the test! 
2016/09/19 18:21:41 INFO  - jmeter.samplers.SampleEvent: List of sample_variables: [] 
2016/09/19 18:21:41 INFO  - jmeter.gui.util.JMeterMenuBar: setRunning(true,*local*) 
2016/09/19 18:21:41 INFO  - jmeter.engine.StandardJMeterEngine: Starting ThreadGroup: 1 : Thread Group 
2016/09/19 18:21:41 INFO  - jmeter.engine.StandardJMeterEngine: Starting 100 threads for group Thread Group. 
2016/09/19 18:21:41 INFO  - jmeter.engine.StandardJMeterEngine: Thread will continue on error 
2016/09/19 18:21:41 INFO  - jmeter.threads.ThreadGroup: Starting thread group number 1 threads 100 ramp-up 1 perThread 10.0 delayedStart=false 
2016/09/19 18:21:41 INFO  - jmeter.threads.JMeterThread: Thread started: Thread Group 1-1 
2016/09/19 18:21:41 INFO  - jmeter.threads.JMeterThread: Thread started: Thread Group 1-2 
2016/09/19 18:21:41 INFO  - jmeter.threads.JMeterThread: Thread started: Thread Group 1-3 
2016/09/19 18:21:41 INFO  - jmeter.threads.ThreadGroup: Started thread group number 1 
2016/09/19 18:21:41 INFO  - jmeter.engine.StandardJMeterEngine: All thread groups have been started 
2016/09/19 18:21:41 INFO  - jmeter.threads.JMeterThread: Thread started: Thread Group 1-4 
2016/09/19 18:21:41 INFO  - jmeter.threads.JMeterThread: Thread started: Thread Group 1-5 
2016/09/19 18:21:41 INFO  - jmeter.threads.JMeterThread: Thread started: Thread Group 1-6 
2016/09/19 18:21:41 INFO  - jmeter.threads.JMeterThread: Thread started: Thread Group 1-7 
2016/09/19 18:21:41 INFO  - jmeter.threads.JMeterThread: Thread started: Thread Group 1-8 
2016/09/19 18:21:41 INFO  - jmeter.threads.JMeterThread: Thread started: Thread Group 1-9 
2016/09/19 18:21:41 INFO  - jmeter.threads.JMeterThread: Thread started: Thread Group 1-10 
2016/09/19 18:21:41 INFO  - jmeter.threads.JMeterThread: Thread started: Thread Group 1-11 
2016/09/19 18:21:41 INFO  - jmeter.threads.JMeterThread: Thread started: Thread Group 1-12 
2016/09/19 18:21:41 INFO  - jmeter.threads.JMeterThread: Thread started: Thread Group 1-13 
2016/09/19 18:21:41 INFO  - jmeter.threads.JMeterThread: Thread started: Thread Group 1-14 
2016/09/19 18:21:41 INFO  - jmeter.threads.JMeterThread: Thread started: Thread Group 1-15 
2016/09/19 18:21:41 INFO  - jmeter.threads.JMeterThread: Thread started: Thread Group 1-16 
2016/09/19 18:21:41 INFO  - jmeter.threads.JMeterThread: Thread started: Thread Group 1-17 
2016/09/19 18:21:41 INFO  - jmeter.threads.JMeterThread: Thread started: Thread Group 1-18 
2016/09/19 18:21:41 INFO  - jmeter.threads.JMeterThread: Thread started: Thread Group 1-19 
2016/09/19 18:21:41 INFO  - jmeter.threads.JMeterThread: Thread started: Thread Group 1-20 
2016/09/19 18:21:41 INFO  - jmeter.threads.JMeterThread: Thread started: Thread Group 1-21 
2016/09/19 18:21:41 INFO  - jmeter.threads.JMeterThread: Thread started: Thread Group 1-22 
2016/09/19 18:21:41 INFO  - jmeter.threads.JMeterThread: Thread started: Thread Group 1-23 
2016/09/19 18:21:41 INFO  - jmeter.threads.JMeterThread: Thread started: Thread Group 1-24 
2016/09/19 18:21:41 INFO  - jmeter.threads.JMeterThread: Thread started: Thread Group 1-25 
2016/09/19 18:21:41 INFO  - jmeter.threads.JMeterThread: Thread started: Thread Group 1-26 
2016/09/19 18:21:41 INFO  - jmeter.threads.JMeterThread: Thread started: Thread Group 1-27 
2016/09/19 18:21:41 INFO  - jmeter.threads.JMeterThread: Thread started: Thread Group 1-28 
2016/09/19 18:21:41 INFO  - jmeter.threads.JMeterThread: Thread started: Thread Group 1-29 
2016/09/19 18:21:41 INFO  - jmeter.threads.JMeterThread: Thread started: Thread Group 1-30 
2016/09/19 18:21:41 INFO  - jmeter.threads.JMeterThread: Thread started: Thread Group 1-31 
2016/09/19 18:21:41 INFO  - jmeter.threads.JMeterThread: Thread started: Thread Group 1-32 
2016/09/19 18:21:41 INFO  - jmeter.threads.JMeterThread: Thread started: Thread Group 1-33 
2016/09/19 18:21:41 INFO  - jmeter.threads.JMeterThread: Thread started: Thread Group 1-34 
2016/09/19 18:21:41 INFO  - jmeter.threads.JMeterThread: Thread started: Thread Group 1-35 
2016/09/19 18:21:41 INFO  - jmeter.threads.JMeterThread: Thread started: Thread Group 1-36 
2016/09/19 18:21:41 INFO  - jmeter.threads.JMeterThread: Thread started: Thread Group 1-37 
2016/09/19 18:21:41 INFO  - jmeter.threads.JMeterThread: Thread started: Thread Group 1-38 
2016/09/19 18:21:41 INFO  - jmeter.threads.JMeterThread: Thread started: Thread Group 1-39 
2016/09/19 18:21:41 INFO  - jmeter.threads.JMeterThread: Thread started: Thread Group 1-40 
2016/09/19 18:21:41 INFO  - jmeter.threads.JMeterThread: Thread started: Thread Group 1-41 
2016/09/19 18:21:41 INFO  - jmeter.threads.JMeterThread: Thread started: Thread Group 1-42 
2016/09/19 18:21:41 INFO  - jmeter.threads.JMeterThread: Thread started: Thread Group 1-43 
2016/09/19 18:21:41 INFO  - jmeter.threads.JMeterThread: Thread started: Thread Group 1-44 
2016/09/19 18:21:41 INFO  - jmeter.threads.JMeterThread: Thread started: Thread Group 1-45 
2016/09/19 18:21:41 INFO  - jmeter.threads.JMeterThread: Thread started: Thread Group 1-46 
2016/09/19 18:21:41 INFO  - jmeter.threads.JMeterThread: Thread started: Thread Group 1-47 
2016/09/19 18:21:41 INFO  - jmeter.threads.JMeterThread: Thread started: Thread Group 1-48 
2016/09/19 18:21:41 INFO  - jmeter.threads.JMeterThread: Thread started: Thread Group 1-49 
2016/09/19 18:21:41 INFO  - jmeter.threads.JMeterThread: Thread started: Thread Group 1-50 
2016/09/19 18:21:41 INFO  - jmeter.threads.JMeterThread: Thread started: Thread Group 1-51 
2016/09/19 18:21:41 INFO  - jmeter.threads.JMeterThread: Thread started: Thread Group 1-52 
2016/09/19 18:21:41 INFO  - jmeter.threads.JMeterThread: Thread started: Thread Group 1-53 
2016/09/19 18:21:41 INFO  - jmeter.threads.JMeterThread: Thread started: Thread Group 1-54 
2016/09/19 18:21:41 INFO  - jmeter.threads.JMeterThread: Thread started: Thread Group 1-55 
2016/09/19 18:21:41 INFO  - jmeter.threads.JMeterThread: Thread started: Thread Group 1-56 
2016/09/19 18:21:41 INFO  - jmeter.threads.JMeterThread: Thread started: Thread Group 1-57 
2016/09/19 18:21:41 INFO  - jmeter.threads.JMeterThread: Thread started: Thread Group 1-58 
2016/09/19 18:21:41 INFO  - jmeter.threads.JMeterThread: Thread started: Thread Group 1-59 
2016/09/19 18:21:41 INFO  - jmeter.threads.JMeterThread: Thread started: Thread Group 1-60 
2016/09/19 18:21:41 INFO  - jmeter.threads.JMeterThread: Thread started: Thread Group 1-61 
2016/09/19 18:21:41 INFO  - jmeter.threads.JMeterThread: Thread started: Thread Group 1-62 
2016/09/19 18:21:41 INFO  - jmeter.threads.JMeterThread: Thread started: Thread Group 1-63 
2016/09/19 18:21:41 INFO  - jmeter.threads.JMeterThread: Thread started: Thread Group 1-64 
2016/09/19 18:21:41 INFO  - jmeter.threads.JMeterThread: Thread started: Thread Group 1-65 
2016/09/19 18:21:41 INFO  - jmeter.threads.JMeterThread: Thread started: Thread Group 1-66 
2016/09/19 18:21:41 INFO  - jmeter.threads.JMeterThread: Thread started: Thread Group 1-67 
2016/09/19 18:21:41 INFO  - jmeter.threads.JMeterThread: Thread started: Thread Group 1-68 
2016/09/19 18:21:41 INFO  - jmeter.threads.JMeterThread: Thread started: Thread Group 1-69 
2016/09/19 18:21:41 INFO  - jmeter.threads.JMeterThread: Thread started: Thread Group 1-70 
2016/09/19 18:21:41 INFO  - jmeter.threads.JMeterThread: Thread started: Thread Group 1-71 
2016/09/19 18:21:41 INFO  - jmeter.threads.JMeterThread: Thread started: Thread Group 1-72 
2016/09/19 18:21:41 INFO  - jmeter.threads.JMeterThread: Thread started: Thread Group 1-73 
2016/09/19 18:21:41 INFO  - jmeter.threads.JMeterThread: Thread started: Thread Group 1-74 
2016/09/19 18:21:41 INFO  - jmeter.threads.JMeterThread: Thread started: Thread Group 1-75 
2016/09/19 18:21:41 INFO  - jmeter.threads.JMeterThread: Thread started: Thread Group 1-76 
2016/09/19 18:21:41 INFO  - jmeter.threads.JMeterThread: Thread started: Thread Group 1-77 
2016/09/19 18:21:41 INFO  - jmeter.threads.JMeterThread: Thread started: Thread Group 1-78 
2016/09/19 18:21:41 INFO  - jmeter.threads.JMeterThread: Thread started: Thread Group 1-79 
2016/09/19 18:21:42 INFO  - jmeter.threads.JMeterThread: Thread started: Thread Group 1-80 
2016/09/19 18:21:42 INFO  - jmeter.threads.JMeterThread: Thread started: Thread Group 1-81 
2016/09/19 18:21:42 INFO  - jmeter.threads.JMeterThread: Thread started: Thread Group 1-82 
2016/09/19 18:21:42 INFO  - jmeter.threads.JMeterThread: Thread started: Thread Group 1-83 
2016/09/19 18:21:42 INFO  - jmeter.threads.JMeterThread: Thread started: Thread Group 1-84 
2016/09/19 18:21:42 INFO  - jmeter.threads.JMeterThread: Thread started: Thread Group 1-85 
2016/09/19 18:21:42 INFO  - jmeter.threads.JMeterThread: Thread started: Thread Group 1-86 
2016/09/19 18:21:42 INFO  - jmeter.threads.JMeterThread: Thread started: Thread Group 1-87 
2016/09/19 18:21:42 INFO  - jmeter.threads.JMeterThread: Thread started: Thread Group 1-88 
2016/09/19 18:21:42 INFO  - jmeter.threads.JMeterThread: Thread started: Thread Group 1-89 
2016/09/19 18:21:42 INFO  - jmeter.threads.JMeterThread: Thread started: Thread Group 1-90 
2016/09/19 18:21:42 INFO  - jmeter.threads.JMeterThread: Thread started: Thread Group 1-91 
2016/09/19 18:21:42 INFO  - jmeter.threads.JMeterThread: Thread started: Thread Group 1-92 
2016/09/19 18:21:42 INFO  - jmeter.threads.JMeterThread: Thread started: Thread Group 1-93 
2016/09/19 18:21:42 INFO  - jmeter.threads.JMeterThread: Thread started: Thread Group 1-94 
2016/09/19 18:21:42 INFO  - jmeter.threads.JMeterThread: Thread started: Thread Group 1-95 
2016/09/19 18:21:42 INFO  - jmeter.threads.JMeterThread: Thread started: Thread Group 1-96 
2016/09/19 18:21:42 INFO  - jmeter.threads.JMeterThread: Thread started: Thread Group 1-97 
2016/09/19 18:21:42 INFO  - jmeter.threads.JMeterThread: Thread started: Thread Group 1-98 
2016/09/19 18:21:42 INFO  - jmeter.threads.JMeterThread: Thread started: Thread Group 1-99 
2016/09/19 18:21:42 INFO  - jmeter.threads.JMeterThread: Thread started: Thread Group 1-100 
2016/09/19 18:21:56 INFO  - jmeter.threads.JMeterThread: Thread is done: Thread Group 1-73 
2016/09/19 18:21:56 INFO  - jmeter.threads.JMeterThread: Thread finished: Thread Group 1-73 
2016/09/19 18:22:00 INFO  - jmeter.threads.JMeterThread: Thread is done: Thread Group 1-45 
2016/09/19 18:22:00 INFO  - jmeter.threads.JMeterThread: Thread finished: Thread Group 1-45 
2016/09/19 18:22:01 INFO  - jmeter.threads.JMeterThread: Thread is done: Thread Group 1-22 
2016/09/19 18:22:01 INFO  - jmeter.threads.JMeterThread: Thread finished: Thread Group 1-22 
2016/09/19 18:22:02 INFO  - jmeter.threads.JMeterThread: Thread is done: Thread Group 1-23 
2016/09/19 18:22:02 INFO  - jmeter.threads.JMeterThread: Thread finished: Thread Group 1-23 
2016/09/19 18:22:02 INFO  - jmeter.threads.JMeterThread: Thread is done: Thread Group 1-60 
2016/09/19 18:22:02 INFO  - jmeter.threads.JMeterThread: Thread finished: Thread Group 1-60 
2016/09/19 18:22:02 INFO  - jmeter.threads.JMeterThread: Thread is done: Thread Group 1-19 
2016/09/19 18:22:02 INFO  - jmeter.threads.JMeterThread: Thread finished: Thread Group 1-19 
2016/09/19 18:22:03 INFO  - jmeter.threads.JMeterThread: Thread is done: Thread Group 1-42 
2016/09/19 18:22:03 INFO  - jmeter.threads.JMeterThread: Thread finished: Thread Group 1-42 
2016/09/19 18:22:03 INFO  - jmeter.threads.JMeterThread: Thread is done: Thread Group 1-1 
2016/09/19 18:22:03 INFO  - jmeter.threads.JMeterThread: Thread finished: Thread Group 1-1 
2016/09/19 18:22:03 INFO  - jmeter.threads.JMeterThread: Thread is done: Thread Group 1-91 
2016/09/19 18:22:03 INFO  - jmeter.threads.JMeterThread: Thread finished: Thread Group 1-91 
2016/09/19 18:22:04 INFO  - jmeter.threads.JMeterThread: Thread is done: Thread Group 1-47 
2016/09/19 18:22:04 INFO  - jmeter.threads.JMeterThread: Thread finished: Thread Group 1-47 
2016/09/19 18:22:05 INFO  - jmeter.threads.JMeterThread: Thread is done: Thread Group 1-32 
2016/09/19 18:22:05 INFO  - jmeter.threads.JMeterThread: Thread finished: Thread Group 1-32 
2016/09/19 18:22:05 INFO  - jmeter.threads.JMeterThread: Thread is done: Thread Group 1-81 
2016/09/19 18:22:05 INFO  - jmeter.threads.JMeterThread: Thread finished: Thread Group 1-81 
2016/09/19 18:22:05 INFO  - jmeter.threads.JMeterThread: Thread is done: Thread Group 1-38 
2016/09/19 18:22:05 INFO  - jmeter.threads.JMeterThread: Thread finished: Thread Group 1-38 
2016/09/19 18:22:05 INFO  - jmeter.threads.JMeterThread: Thread is done: Thread Group 1-24 
2016/09/19 18:22:05 INFO  - jmeter.threads.JMeterThread: Thread finished: Thread Group 1-24 
2016/09/19 18:22:05 INFO  - jmeter.threads.JMeterThread: Thread is done: Thread Group 1-3 
2016/09/19 18:22:05 INFO  - jmeter.threads.JMeterThread: Thread finished: Thread Group 1-3 
2016/09/19 18:22:05 INFO  - jmeter.threads.JMeterThread: Thread is done: Thread Group 1-65 
2016/09/19 18:22:05 INFO  - jmeter.threads.JMeterThread: Thread finished: Thread Group 1-65 
2016/09/19 18:22:05 INFO  - jmeter.threads.JMeterThread: Thread is done: Thread Group 1-96 
2016/09/19 18:22:05 INFO  - jmeter.threads.JMeterThread: Thread finished: Thread Group 1-96 
2016/09/19 18:22:06 INFO  - jmeter.threads.JMeterThread: Thread is done: Thread Group 1-4 
2016/09/19 18:22:06 INFO  - jmeter.threads.JMeterThread: Thread finished: Thread Group 1-4 
2016/09/19 18:22:06 INFO  - jmeter.threads.JMeterThread: Thread is done: Thread Group 1-18 
2016/09/19 18:22:06 INFO  - jmeter.threads.JMeterThread: Thread finished: Thread Group 1-18 
2016/09/19 18:22:06 INFO  - jmeter.threads.JMeterThread: Thread is done: Thread Group 1-5 
2016/09/19 18:22:06 INFO  - jmeter.threads.JMeterThread: Thread finished: Thread Group 1-5 
2016/09/19 18:22:07 INFO  - jmeter.threads.JMeterThread: Thread is done: Thread Group 1-34 
2016/09/19 18:22:07 INFO  - jmeter.threads.JMeterThread: Thread finished: Thread Group 1-34 
2016/09/19 18:22:07 INFO  - jmeter.threads.JMeterThread: Thread is done: Thread Group 1-85 
2016/09/19 18:22:07 INFO  - jmeter.threads.JMeterThread: Thread finished: Thread Group 1-85 
2016/09/19 18:22:07 INFO  - jmeter.threads.JMeterThread: Thread is done: Thread Group 1-57 
2016/09/19 18:22:07 INFO  - jmeter.threads.JMeterThread: Thread finished: Thread Group 1-57 
2016/09/19 18:22:07 INFO  - jmeter.threads.JMeterThread: Thread is done: Thread Group 1-98 
2016/09/19 18:22:07 INFO  - jmeter.threads.JMeterThread: Thread finished: Thread Group 1-98 
2016/09/19 18:22:08 INFO  - jmeter.threads.JMeterThread: Thread is done: Thread Group 1-8 
2016/09/19 18:22:08 INFO  - jmeter.threads.JMeterThread: Thread finished: Thread Group 1-8 
2016/09/19 18:22:08 INFO  - jmeter.threads.JMeterThread: Thread is done: Thread Group 1-2 
2016/09/19 18:22:08 INFO  - jmeter.threads.JMeterThread: Thread finished: Thread Group 1-2 
2016/09/19 18:22:08 INFO  - jmeter.threads.JMeterThread: Thread is done: Thread Group 1-27 
2016/09/19 18:22:08 INFO  - jmeter.threads.JMeterThread: Thread finished: Thread Group 1-27 
2016/09/19 18:22:08 INFO  - jmeter.threads.JMeterThread: Thread is done: Thread Group 1-69 
2016/09/19 18:22:08 INFO  - jmeter.threads.JMeterThread: Thread finished: Thread Group 1-69 
2016/09/19 18:22:08 INFO  - jmeter.threads.JMeterThread: Thread is done: Thread Group 1-53 
2016/09/19 18:22:08 INFO  - jmeter.threads.JMeterThread: Thread finished: Thread Group 1-53 
2016/09/19 18:22:08 INFO  - jmeter.threads.JMeterThread: Thread is done: Thread Group 1-92 
2016/09/19 18:22:08 INFO  - jmeter.threads.JMeterThread: Thread finished: Thread Group 1-92 
2016/09/19 18:22:09 INFO  - jmeter.threads.JMeterThread: Thread is done: Thread Group 1-12 
2016/09/19 18:22:09 INFO  - jmeter.threads.JMeterThread: Thread finished: Thread Group 1-12 
2016/09/19 18:22:09 INFO  - jmeter.threads.JMeterThread: Thread is done: Thread Group 1-100 
2016/09/19 18:22:09 INFO  - jmeter.threads.JMeterThread: Thread finished: Thread Group 1-100 
2016/09/19 18:22:09 INFO  - jmeter.threads.JMeterThread: Thread is done: Thread Group 1-13 
2016/09/19 18:22:09 INFO  - jmeter.threads.JMeterThread: Thread finished: Thread Group 1-13 
2016/09/19 18:22:09 INFO  - jmeter.threads.JMeterThread: Thread is done: Thread Group 1-10 
2016/09/19 18:22:09 INFO  - jmeter.threads.JMeterThread: Thread finished: Thread Group 1-10 
2016/09/19 18:22:09 INFO  - jmeter.threads.JMeterThread: Thread is done: Thread Group 1-6 
2016/09/19 18:22:09 INFO  - jmeter.threads.JMeterThread: Thread finished: Thread Group 1-6 
2016/09/19 18:22:10 INFO  - jmeter.threads.JMeterThread: Thread is done: Thread Group 1-21 
2016/09/19 18:22:10 INFO  - jmeter.threads.JMeterThread: Thread finished: Thread Group 1-21 
2016/09/19 18:22:10 INFO  - jmeter.threads.JMeterThread: Thread is done: Thread Group 1-9 
2016/09/19 18:22:10 INFO  - jmeter.threads.JMeterThread: Thread finished: Thread Group 1-9 
2016/09/19 18:22:10 INFO  - jmeter.threads.JMeterThread: Thread is done: Thread Group 1-99 
2016/09/19 18:22:10 INFO  - jmeter.threads.JMeterThread: Thread finished: Thread Group 1-99 
2016/09/19 18:22:10 INFO  - jmeter.threads.JMeterThread: Thread is done: Thread Group 1-79 
2016/09/19 18:22:10 INFO  - jmeter.threads.JMeterThread: Thread finished: Thread Group 1-79 
2016/09/19 18:22:10 INFO  - jmeter.threads.JMeterThread: Thread is done: Thread Group 1-52 
2016/09/19 18:22:10 INFO  - jmeter.threads.JMeterThread: Thread finished: Thread Group 1-52 
2016/09/19 18:22:10 INFO  - jmeter.threads.JMeterThread: Thread is done: Thread Group 1-80 
2016/09/19 18:22:10 INFO  - jmeter.threads.JMeterThread: Thread finished: Thread Group 1-80 
2016/09/19 18:22:10 INFO  - jmeter.threads.JMeterThread: Thread is done: Thread Group 1-86 
2016/09/19 18:22:10 INFO  - jmeter.threads.JMeterThread: Thread finished: Thread Group 1-86 
2016/09/19 18:22:10 INFO  - jmeter.threads.JMeterThread: Thread is done: Thread Group 1-30 
2016/09/19 18:22:10 INFO  - jmeter.threads.JMeterThread: Thread finished: Thread Group 1-30 
2016/09/19 18:22:11 INFO  - jmeter.threads.JMeterThread: Thread is done: Thread Group 1-50 
2016/09/19 18:22:11 INFO  - jmeter.threads.JMeterThread: Thread finished: Thread Group 1-50 
2016/09/19 18:22:11 INFO  - jmeter.threads.JMeterThread: Thread is done: Thread Group 1-63 
2016/09/19 18:22:11 INFO  - jmeter.threads.JMeterThread: Thread finished: Thread Group 1-63 
2016/09/19 18:22:11 INFO  - jmeter.threads.JMeterThread: Thread is done: Thread Group 1-17 
2016/09/19 18:22:11 INFO  - jmeter.threads.JMeterThread: Thread finished: Thread Group 1-17 
2016/09/19 18:22:11 INFO  - jmeter.threads.JMeterThread: Thread is done: Thread Group 1-84 
2016/09/19 18:22:11 INFO  - jmeter.threads.JMeterThread: Thread finished: Thread Group 1-84 
2016/09/19 18:22:11 INFO  - jmeter.threads.JMeterThread: Thread is done: Thread Group 1-59 
2016/09/19 18:22:11 INFO  - jmeter.threads.JMeterThread: Thread finished: Thread Group 1-59 
2016/09/19 18:22:11 INFO  - jmeter.threads.JMeterThread: Thread is done: Thread Group 1-54 
2016/09/19 18:22:11 INFO  - jmeter.threads.JMeterThread: Thread finished: Thread Group 1-54 
2016/09/19 18:22:11 INFO  - jmeter.threads.JMeterThread: Thread is done: Thread Group 1-31 
2016/09/19 18:22:11 INFO  - jmeter.threads.JMeterThread: Thread finished: Thread Group 1-31 
2016/09/19 18:22:11 INFO  - jmeter.threads.JMeterThread: Thread is done: Thread Group 1-14 
2016/09/19 18:22:11 INFO  - jmeter.threads.JMeterThread: Thread finished: Thread Group 1-14 
2016/09/19 18:22:11 INFO  - jmeter.threads.JMeterThread: Thread is done: Thread Group 1-40 
2016/09/19 18:22:11 INFO  - jmeter.threads.JMeterThread: Thread finished: Thread Group 1-40 
2016/09/19 18:22:11 INFO  - jmeter.threads.JMeterThread: Thread is done: Thread Group 1-82 
2016/09/19 18:22:11 INFO  - jmeter.threads.JMeterThread: Thread finished: Thread Group 1-82 
2016/09/19 18:22:11 INFO  - jmeter.threads.JMeterThread: Thread is done: Thread Group 1-88 
2016/09/19 18:22:11 INFO  - jmeter.threads.JMeterThread: Thread finished: Thread Group 1-88 
2016/09/19 18:22:11 INFO  - jmeter.threads.JMeterThread: Thread is done: Thread Group 1-28 
2016/09/19 18:22:11 INFO  - jmeter.threads.JMeterThread: Thread finished: Thread Group 1-28 
2016/09/19 18:22:12 INFO  - jmeter.threads.JMeterThread: Thread is done: Thread Group 1-41 
2016/09/19 18:22:12 INFO  - jmeter.threads.JMeterThread: Thread finished: Thread Group 1-41 
2016/09/19 18:22:12 INFO  - jmeter.threads.JMeterThread: Thread is done: Thread Group 1-33 
2016/09/19 18:22:12 INFO  - jmeter.threads.JMeterThread: Thread finished: Thread Group 1-33 
2016/09/19 18:22:12 INFO  - jmeter.threads.JMeterThread: Thread is done: Thread Group 1-89 
2016/09/19 18:22:12 INFO  - jmeter.threads.JMeterThread: Thread finished: Thread Group 1-89 
2016/09/19 18:22:12 INFO  - jmeter.threads.JMeterThread: Thread is done: Thread Group 1-71 
2016/09/19 18:22:12 INFO  - jmeter.threads.JMeterThread: Thread finished: Thread Group 1-71 
2016/09/19 18:22:12 INFO  - jmeter.threads.JMeterThread: Thread is done: Thread Group 1-67 
2016/09/19 18:22:12 INFO  - jmeter.threads.JMeterThread: Thread finished: Thread Group 1-67 
2016/09/19 18:22:12 INFO  - jmeter.threads.JMeterThread: Thread is done: Thread Group 1-7 
2016/09/19 18:22:12 INFO  - jmeter.threads.JMeterThread: Thread finished: Thread Group 1-7 
2016/09/19 18:22:12 INFO  - jmeter.threads.JMeterThread: Thread is done: Thread Group 1-20 
2016/09/19 18:22:12 INFO  - jmeter.threads.JMeterThread: Thread finished: Thread Group 1-20 
2016/09/19 18:22:12 INFO  - jmeter.threads.JMeterThread: Thread is done: Thread Group 1-48 
2016/09/19 18:22:12 INFO  - jmeter.threads.JMeterThread: Thread finished: Thread Group 1-48 
2016/09/19 18:22:12 INFO  - jmeter.threads.JMeterThread: Thread is done: Thread Group 1-77 
2016/09/19 18:22:12 INFO  - jmeter.threads.JMeterThread: Thread finished: Thread Group 1-77 
2016/09/19 18:22:12 INFO  - jmeter.threads.JMeterThread: Thread is done: Thread Group 1-61 
2016/09/19 18:22:12 INFO  - jmeter.threads.JMeterThread: Thread finished: Thread Group 1-61 
2016/09/19 18:22:13 INFO  - jmeter.threads.JMeterThread: Thread is done: Thread Group 1-66 
2016/09/19 18:22:13 INFO  - jmeter.threads.JMeterThread: Thread finished: Thread Group 1-66 
2016/09/19 18:22:13 INFO  - jmeter.threads.JMeterThread: Thread is done: Thread Group 1-83 
2016/09/19 18:22:13 INFO  - jmeter.threads.JMeterThread: Thread finished: Thread Group 1-83 
2016/09/19 18:22:13 INFO  - jmeter.threads.JMeterThread: Thread is done: Thread Group 1-95 
2016/09/19 18:22:13 INFO  - jmeter.threads.JMeterThread: Thread finished: Thread Group 1-95 
2016/09/19 18:22:13 INFO  - jmeter.threads.JMeterThread: Thread is done: Thread Group 1-43 
2016/09/19 18:22:13 INFO  - jmeter.threads.JMeterThread: Thread finished: Thread Group 1-43 
2016/09/19 18:22:13 INFO  - jmeter.threads.JMeterThread: Thread is done: Thread Group 1-68 
2016/09/19 18:22:13 INFO  - jmeter.threads.JMeterThread: Thread finished: Thread Group 1-68 
2016/09/19 18:22:14 INFO  - jmeter.threads.JMeterThread: Thread is done: Thread Group 1-64 
2016/09/19 18:22:14 INFO  - jmeter.threads.JMeterThread: Thread finished: Thread Group 1-64 
2016/09/19 18:22:14 INFO  - jmeter.threads.JMeterThread: Thread is done: Thread Group 1-25 
2016/09/19 18:22:14 INFO  - jmeter.threads.JMeterThread: Thread finished: Thread Group 1-25 
2016/09/19 18:22:14 INFO  - jmeter.threads.JMeterThread: Thread is done: Thread Group 1-35 
2016/09/19 18:22:14 INFO  - jmeter.threads.JMeterThread: Thread finished: Thread Group 1-35 
2016/09/19 18:22:14 INFO  - jmeter.threads.JMeterThread: Thread is done: Thread Group 1-93 
2016/09/19 18:22:14 INFO  - jmeter.threads.JMeterThread: Thread finished: Thread Group 1-93 
2016/09/19 18:22:14 INFO  - jmeter.threads.JMeterThread: Thread is done: Thread Group 1-37 
2016/09/19 18:22:14 INFO  - jmeter.threads.JMeterThread: Thread finished: Thread Group 1-37 
2016/09/19 18:22:15 INFO  - jmeter.threads.JMeterThread: Thread is done: Thread Group 1-76 
2016/09/19 18:22:15 INFO  - jmeter.threads.JMeterThread: Thread finished: Thread Group 1-76 
2016/09/19 18:22:15 INFO  - jmeter.threads.JMeterThread: Thread is done: Thread Group 1-78 
2016/09/19 18:22:15 INFO  - jmeter.threads.JMeterThread: Thread finished: Thread Group 1-78 
2016/09/19 18:22:15 INFO  - jmeter.threads.JMeterThread: Thread is done: Thread Group 1-15 
2016/09/19 18:22:15 INFO  - jmeter.threads.JMeterThread: Thread finished: Thread Group 1-15 
2016/09/19 18:22:15 INFO  - jmeter.threads.JMeterThread: Thread is done: Thread Group 1-36 
2016/09/19 18:22:15 INFO  - jmeter.threads.JMeterThread: Thread finished: Thread Group 1-36 
2016/09/19 18:22:15 INFO  - jmeter.threads.JMeterThread: Thread is done: Thread Group 1-49 
2016/09/19 18:22:15 INFO  - jmeter.threads.JMeterThread: Thread finished: Thread Group 1-49 
2016/09/19 18:22:15 INFO  - jmeter.threads.JMeterThread: Thread is done: Thread Group 1-97 
2016/09/19 18:22:15 INFO  - jmeter.threads.JMeterThread: Thread finished: Thread Group 1-97 
2016/09/19 18:22:15 INFO  - jmeter.threads.JMeterThread: Thread is done: Thread Group 1-26 
2016/09/19 18:22:15 INFO  - jmeter.threads.JMeterThread: Thread finished: Thread Group 1-26 
2016/09/19 18:22:16 INFO  - jmeter.threads.JMeterThread: Thread is done: Thread Group 1-94 
2016/09/19 18:22:16 INFO  - jmeter.threads.JMeterThread: Thread finished: Thread Group 1-94 
2016/09/19 18:22:17 INFO  - jmeter.threads.JMeterThread: Thread is done: Thread Group 1-70 
2016/09/19 18:22:17 INFO  - jmeter.threads.JMeterThread: Thread finished: Thread Group 1-70 
2016/09/19 18:22:17 INFO  - jmeter.threads.JMeterThread: Thread is done: Thread Group 1-72 
2016/09/19 18:22:17 INFO  - jmeter.threads.JMeterThread: Thread finished: Thread Group 1-72 
2016/09/19 18:22:18 INFO  - jmeter.threads.JMeterThread: Thread is done: Thread Group 1-44 
2016/09/19 18:22:18 INFO  - jmeter.threads.JMeterThread: Thread finished: Thread Group 1-44 
2016/09/19 18:22:18 INFO  - jmeter.threads.JMeterThread: Thread is done: Thread Group 1-87 
2016/09/19 18:22:18 INFO  - jmeter.threads.JMeterThread: Thread finished: Thread Group 1-87 
2016/09/19 18:22:18 INFO  - jmeter.threads.JMeterThread: Thread is done: Thread Group 1-74 
2016/09/19 18:22:18 INFO  - jmeter.threads.JMeterThread: Thread finished: Thread Group 1-74 
2016/09/19 18:22:18 INFO  - jmeter.threads.JMeterThread: Thread is done: Thread Group 1-58 
2016/09/19 18:22:18 INFO  - jmeter.threads.JMeterThread: Thread finished: Thread Group 1-58 
2016/09/19 18:22:18 INFO  - jmeter.threads.JMeterThread: Thread is done: Thread Group 1-55 
2016/09/19 18:22:18 INFO  - jmeter.threads.JMeterThread: Thread finished: Thread Group 1-55 
2016/09/19 18:22:18 INFO  - jmeter.threads.JMeterThread: Thread is done: Thread Group 1-29 
2016/09/19 18:22:18 INFO  - jmeter.threads.JMeterThread: Thread finished: Thread Group 1-29 
2016/09/19 18:22:19 INFO  - jmeter.threads.JMeterThread: Thread is done: Thread Group 1-51 
2016/09/19 18:22:19 INFO  - jmeter.threads.JMeterThread: Thread finished: Thread Group 1-51 
2016/09/19 18:22:19 INFO  - jmeter.threads.JMeterThread: Thread is done: Thread Group 1-75 
2016/09/19 18:22:19 INFO  - jmeter.threads.JMeterThread: Thread finished: Thread Group 1-75 
2016/09/19 18:22:19 INFO  - jmeter.threads.JMeterThread: Thread is done: Thread Group 1-56 
2016/09/19 18:22:19 INFO  - jmeter.threads.JMeterThread: Thread finished: Thread Group 1-56 
2016/09/19 18:22:20 INFO  - jmeter.threads.JMeterThread: Thread is done: Thread Group 1-39 
2016/09/19 18:22:20 INFO  - jmeter.threads.JMeterThread: Thread finished: Thread Group 1-39 
2016/09/19 18:22:20 INFO  - jmeter.threads.JMeterThread: Thread is done: Thread Group 1-90 
2016/09/19 18:22:20 INFO  - jmeter.threads.JMeterThread: Thread finished: Thread Group 1-90 
2016/09/19 18:22:20 INFO  - jmeter.threads.JMeterThread: Thread is done: Thread Group 1-16 
2016/09/19 18:22:20 INFO  - jmeter.threads.JMeterThread: Thread finished: Thread Group 1-16 
2016/09/19 18:22:22 INFO  - jmeter.threads.JMeterThread: Thread is done: Thread Group 1-11 
2016/09/19 18:22:22 INFO  - jmeter.threads.JMeterThread: Thread finished: Thread Group 1-11 
2016/09/19 18:22:22 INFO  - jmeter.threads.JMeterThread: Thread is done: Thread Group 1-62 
2016/09/19 18:22:22 INFO  - jmeter.threads.JMeterThread: Thread finished: Thread Group 1-62 
2016/09/19 18:22:47 INFO  - jmeter.threads.JMeterThread: Thread is done: Thread Group 1-46 
2016/09/19 18:22:47 INFO  - jmeter.threads.JMeterThread: Thread finished: Thread Group 1-46 
2016/09/19 18:22:47 INFO  - jmeter.engine.StandardJMeterEngine: Notifying test listeners of end of test 
2016/09/19 18:22:47 INFO  - jmeter.gui.util.JMeterMenuBar: setRunning(false,*local*) 
